<?xml version="1.0" encoding="UTF-8"?>
<!-- Generated by org.testng.reporters.JUnitReportReporter -->
<testsuite hostname="DESKTOP-R6V1ITF" failures="0" tests="1" name="Testng" time="2.618" errors="0" timestamp="2020-07-18T09:59:27 IST" skipped="0">
  <testcase classname="Testng" name="test" time="2.618"/>
  <system-out/>
</testsuite> <!-- Testng -->
